<?xml version="1.0" encoding="UTF-8"?>
<!-- Generated by org.testng.reporters.JUnitXMLReporter -->
<testsuite ignored="0" hostname="Vicky-PC" failures="0" tests="4" name="Default test" time="26.922" errors="0" timestamp="2021-12-07T16:41:39 IST">
  <testcase classname="Test.SimpleSub" name="Add" time="7.913"/>
  <testcase classname="Test.SimpleAdd" name="Add" time="6.959"/>
  <testcase classname="Test.SimpleDiv" name="Div" time="5.937"/>
  <testcase classname="Test.SimpleMul" name="Add" time="6.039"/>
</testsuite> <!-- Default test -->
