<?xml version="1.0" encoding="UTF-8"?>
<!-- Generated by org.testng.reporters.JUnitXMLReporter -->
<testsuite ignored="0" hostname="Vicky-PC" failures="0" tests="4" name="TestCalc" time="25.565" errors="0" timestamp="2021-12-07T14:55:31 IST">
  <testcase classname="Test.SimpleMul" name="Add" time="5.812"/>
  <testcase classname="Test.SimpleSub" name="Add" time="6.155"/>
  <testcase classname="Test.SimpleAdd" name="Add" time="6.67"/>
  <testcase classname="Test.SimpleDiv" name="Div" time="6.864"/>
</testsuite> <!-- TestCalc -->
